# JRE version: Java(TM) SE Runtime Environment 18.9 (11.0.8+10) (build 11.0.8+10-LTS)
# Java VM: Java HotSpot(TM) 64-Bit Server VM 18.9 (11.0.8+10-LTS, mixed mode, tiered, compressed oops, g1 gc, windows-amd64)
Heap:
 garbage-first heap   total 262144K, used 127646K [0x0000000701000000, 0x0000000800000000)
  region size 1024K, 120 young (122880K), 8 survivors (8192K)
 Metaspace       used 54696K, capacity 55768K, committed 55888K, reserved 1097728K
  class space    used 6607K, capacity 7045K, committed 7116K, reserved 1048576K
GC Heap History (10 events):
Event: 0.558 GC heap before
{Heap before GC invocations=0 (full 0):
 garbage-first heap   total 262144K, used 22528K [0x0000000701000000, 0x0000000800000000)
  region size 1024K, 22 young (22528K), 0 survivors (0K)
 Metaspace       used 12050K, capacity 12287K, committed 12544K, reserved 1060864K
  class space    used 1178K, capacity 1247K, committed 1280K, reserved 1048576K
}
Event: 0.564 GC heap after
{Heap after GC invocations=1 (full 0):
 garbage-first heap   total 262144K, used 6357K [0x0000000701000000, 0x0000000800000000)
  region size 1024K, 3 young (3072K), 3 survivors (3072K)
 Metaspace       used 12050K, capacity 12287K, committed 12544K, reserved 1060864K
  class space    used 1178K, capacity 1247K, committed 1280K, reserved 1048576K
}
Event: 0.808 GC heap before
{Heap before GC invocations=1 (full 0):
 garbage-first heap   total 262144K, used 25813K [0x0000000701000000, 0x0000000800000000)
  region size 1024K, 23 young (23552K), 3 survivors (3072K)
 Metaspace       used 16449K, capacity 16866K, committed 17024K, reserved 1064960K
  class space    used 1745K, capacity 1891K, committed 1920K, reserved 1048576K
}
Event: 0.810 GC heap after
{Heap after GC invocations=2 (full 0):
 garbage-first heap   total 262144K, used 7412K [0x0000000701000000, 0x0000000800000000)
  region size 1024K, 2 young (2048K), 2 survivors (2048K)
 Metaspace       used 16449K, capacity 16866K, committed 17024K, reserved 1064960K
  class space    used 1745K, capacity 1891K, committed 1920K, reserved 1048576K
}
Event: 0.968 GC heap before
{Heap before GC invocations=2 (full 0):
 garbage-first heap   total 262144K, used 30964K [0x0000000701000000, 0x0000000800000000)
  region size 1024K, 26 young (26624K), 2 survivors (2048K)
 Metaspace       used 20767K, capacity 21189K, committed 21296K, reserved 1069056K
  class space    used 2248K, capacity 2417K, committed 2432K, reserved 1048576K
}
Event: 0.970 GC heap after
{Heap after GC invocations=3 (full 0):
 garbage-first heap   total 262144K, used 8003K [0x0000000701000000, 0x0000000800000000)
  region size 1024K, 2 young (2048K), 2 survivors (2048K)
 Metaspace       used 20767K, capacity 21189K, committed 21296K, reserved 1069056K
  class space    used 2248K, capacity 2417K, committed 2432K, reserved 1048576K
}
Event: 2.386 GC heap before
{Heap before GC invocations=4 (full 0):
 garbage-first heap   total 262144K, used 161603K [0x0000000701000000, 0x0000000800000000)
  region size 1024K, 153 young (156672K), 2 survivors (2048K)
 Metaspace       used 33071K, capacity 33953K, committed 34044K, reserved 1079296K
  class space    used 3774K, capacity 4137K, committed 4172K, reserved 1048576K
}
Event: 2.390 GC heap after
{Heap after GC invocations=5 (full 0):
 garbage-first heap   total 262144K, used 13118K [0x0000000701000000, 0x0000000800000000)
  region size 1024K, 7 young (7168K), 7 survivors (7168K)
 Metaspace       used 33071K, capacity 33953K, committed 34044K, reserved 1079296K
  class space    used 3774K, capacity 4137K, committed 4172K, reserved 1048576K
}
Event: 2.587 GC heap before
{Heap before GC invocations=5 (full 0):
 garbage-first heap   total 262144K, used 41790K [0x0000000701000000, 0x0000000800000000)
  region size 1024K, 37 young (37888K), 7 survivors (7168K)
 Metaspace       used 35025K, capacity 35938K, committed 36048K, reserved 1081344K
  class space    used 3994K, capacity 4394K, committed 4428K, reserved 1048576K
}
Event: 2.591 GC heap after
{Heap after GC invocations=6 (full 0):
 garbage-first heap   total 262144K, used 13982K [0x0000000701000000, 0x0000000800000000)
  region size 1024K, 8 young (8192K), 8 survivors (8192K)
 Metaspace       used 35025K, capacity 35938K, committed 36048K, reserved 1081344K
  class space    used 3994K, capacity 4394K, committed 4428K, reserved 1048576K
}

